mode: set
esep/grade-calculator/grade_calculator.go:21.37,23.2 1 1
esep/grade-calculator/grade_calculator.go:31.44,35.2 1 1
esep/grade-calculator/grade_calculator.go:37.51,40.26 2 1
esep/grade-calculator/grade_calculator.go:40.26,42.3 1 1
esep/grade-calculator/grade_calculator.go:42.8,42.33 1 1
esep/grade-calculator/grade_calculator.go:42.33,44.3 1 1
esep/grade-calculator/grade_calculator.go:44.8,44.33 1 1
esep/grade-calculator/grade_calculator.go:44.33,46.3 1 1
esep/grade-calculator/grade_calculator.go:46.8,46.33 1 1
esep/grade-calculator/grade_calculator.go:46.33,48.3 1 1
esep/grade-calculator/grade_calculator.go:50.2,50.12 1 1
esep/grade-calculator/grade_calculator.go:53.82,60.2 1 1
esep/grade-calculator/grade_calculator.go:62.58,71.2 5 1
esep/grade-calculator/grade_calculator.go:73.54,78.31 3 1
esep/grade-calculator/grade_calculator.go:78.31,79.22 1 1
esep/grade-calculator/grade_calculator.go:79.22,82.4 2 1
esep/grade-calculator/grade_calculator.go:85.2,85.20 1 1
